<?xml version="1.0" encoding="UTF-8"?>
<!-- Generated by org.testng.reporters.JUnitXMLReporter -->
<testsuite hostname="lougani-1983" ignored="2" tests="0" failures="0" timestamp="07 Sep 2019 02:03:32 GMT" time="0.011" errors="0">
  <testcase name="homePageLogo" time="0.0" classname="com.rachid.testcases.HomePageTest">
    <ignored/>
  </testcase> <!-- homePageLogo -->
  <testcase name="quickLinksTest" time="0.0" classname="com.rachid.testcases.HomePageTest">
    <ignored/>
  </testcase> <!-- quickLinksTest -->
</testsuite>
