<?xml version="1.0" encoding="UTF-8"?>
<!-- Generated by org.testng.reporters.JUnitXMLReporter -->
<testsuite hostname="lougani-1983" ignored="0" name="Login Test" tests="4" failures="3" timestamp="07 Sep 2019 02:03:36 GMT" time="3.791" errors="0">
  <testcase name="loginTest" time="0.02" classname="com.rachid.testcases.LoginTest">
    <failure type="java.lang.NullPointerException">
      <![CDATA[java.lang.NullPointerException
	at com.rachid.testcases.LoginTest.loginTest(LoginTest.java:25)
... Removed 25 stack frames]]>
    </failure>
  </testcase> <!-- loginTest -->
  <testcase name="loginTest" time="0.011" classname="com.rachid.testcases.LoginTest">
    <failure type="java.lang.NullPointerException">
      <![CDATA[java.lang.NullPointerException
	at com.rachid.testcases.LoginTest.loginTest(LoginTest.java:25)
... Removed 25 stack frames]]>
    </failure>
  </testcase> <!-- loginTest -->
  <testcase name="loginTest" time="0.003" classname="com.rachid.testcases.LoginTest">
    <failure type="java.lang.NullPointerException">
      <![CDATA[java.lang.NullPointerException
	at com.rachid.testcases.LoginTest.loginTest(LoginTest.java:25)
... Removed 25 stack frames]]>
    </failure>
  </testcase> <!-- loginTest -->
  <testcase name="loginTest" time="0.006" classname="com.rachid.testcases.LoginTest"/>
</testsuite> <!-- Login Test -->
