<?xml version="1.0" encoding="UTF-8"?>
<!-- Generated by org.testng.reporters.JUnitXMLReporter -->
<testsuite hostname="lougani-1983" ignored="1" name="Home Page Test" tests="1" failures="0" timestamp="08 Sep 2019 01:24:58 GMT" time="1.051" errors="0">
  <testcase name="homePageLogo" time="0.042" classname="com.rachid.testcases.HomePageTest"/>
  <testcase name="quickLinksTest" time="0.0" classname="com.rachid.testcases.HomePageTest">
    <ignored/>
  </testcase> <!-- quickLinksTest -->
</testsuite> <!-- Home Page Test -->
