<?xml version="1.0" encoding="UTF-8"?>
<!-- Generated by org.testng.reporters.JUnitXMLReporter -->
<testsuite hostname="lougani-1983" ignored="0" name="Practice Test" tests="3" failures="1" timestamp="08 Sep 2019 01:25:13 GMT" time="15.498" errors="0">
  <testcase name="checkboxTest" time="10.614" classname="com.rachid.testcases.PracticePageTest"/>
  <testcase name="dropDownTest" time="3.162" classname="com.rachid.testcases.PracticePageTest"/>
  <testcase name="radioButnTest" time="0.907" classname="com.rachid.testcases.PracticePageTest">
    <failure type="java.lang.AssertionError" message="expected [true] but found [false]">
      <![CDATA[java.lang.AssertionError: expected [true] but found [false]
	at com.rachid.testcases.PracticePageTest.radioButnTest(PracticePageTest.java:49)
... Removed 32 stack frames]]>
    </failure>
  </testcase> <!-- radioButnTest -->
</testsuite> <!-- Practice Test -->
