<?xml version="1.0" encoding="UTF-8"?>
<testsuite name="TestSuite" time="14.747" tests="4" errors="0" skipped="0" failures="1">
  <properties>
[...]
</properties>
  <testcase name="homePageLogo" classname="com.rachid.testcases.HomePageTest" time="0.042"/>
  <testcase name="checkboxTest" classname="com.rachid.testcases.PracticePageTest" time="10.613"/>
  <testcase name="dropDownTest" classname="com.rachid.testcases.PracticePageTest" time="3.162"/>
  <testcase name="radioButnTest" classname="com.rachid.testcases.PracticePageTest" time="0.93">
    <failure message="expected [true] but found [false]" type="java.lang.AssertionError">java.lang.AssertionError: expected [true] but found [false]
	at org.testng.Assert.fail(Assert.java:93)
	at org.testng.Assert.failNotEquals(Assert.java:512)
	at org.testng.Assert.assertTrue(Assert.java:41)
	at org.testng.Assert.assertTrue(Assert.java:51)
	at com.rachid.testcases.PracticePageTest.radioButnTest(PracticePageTest.java:49)
</failure>
    <system-out><![CDATA[Alert text verified
]]></system-out>
  </testcase>
</testsuite>