<?xml version="1.0" encoding="UTF-8"?>
<testng-results skipped="0" failed="1" ignored="2" total="6" passed="3">
  <reporter-output>
    <line>
      <![CDATA[<a target="blank" href=Sat_Sep_07_21_25_13_EDT_2019>Screenshot</a>]]>
    </line>
    <line>
      <![CDATA[<br>]]>
    </line>
    <line>
      <![CDATA[<br>]]>
    </line>
    <line>
      <![CDATA[<a target="_blank" href=Sat_Sep_07_21_25_13_EDT_2019><img src=Sat_Sep_07_21_25_13_EDT_2019 height=200 width=200></img></a>]]>
    </line>
  </reporter-output>
  <suite name="Suite" duration-ms="16724" started-at="2019-09-08T01:24:57Z" finished-at="2019-09-08T01:25:13Z">
    <groups>
      <group name="Regression">
        <method signature="HomePageTest.homePageLogo()[pri:0, instance:com.rachid.testcases.HomePageTest@69997e9d]" name="homePageLogo" class="com.rachid.testcases.HomePageTest"/>
        <method signature="PracticePageTest.checkboxTest()[pri:0, instance:com.rachid.testcases.PracticePageTest@63a12c68]" name="checkboxTest" class="com.rachid.testcases.PracticePageTest"/>
        <method signature="PracticePageTest.dropDownTest()[pri:0, instance:com.rachid.testcases.PracticePageTest@63a12c68]" name="dropDownTest" class="com.rachid.testcases.PracticePageTest"/>
        <method signature="PracticePageTest.radioButnTest()[pri:0, instance:com.rachid.testcases.PracticePageTest@63a12c68]" name="radioButnTest" class="com.rachid.testcases.PracticePageTest"/>
      </group> <!-- Regression -->
    </groups>
    <test name="Home Page Test" duration-ms="1051" started-at="2019-09-08T01:24:57Z" finished-at="2019-09-08T01:24:58Z">
      <class name="com.rachid.testcases.HomePageTest">
        <test-method status="PASS" signature="homePageLogo()[pri:0, instance:com.rachid.testcases.HomePageTest@69997e9d]" name="homePageLogo" duration-ms="42" started-at="2019-09-07T21:24:57Z" finished-at="2019-09-07T21:24:57Z">
          <reporter-output>
          </reporter-output>
        </test-method> <!-- homePageLogo -->
      </class> <!-- com.rachid.testcases.HomePageTest -->
    </test> <!-- Home Page Test -->
    <test name="Login Test" duration-ms="0" started-at="2019-09-08T01:24:58Z" finished-at="2019-09-08T01:24:58Z">
    </test> <!-- Login Test -->
    <test name="Practice Test" duration-ms="15498" started-at="2019-09-08T01:24:58Z" finished-at="2019-09-08T01:25:13Z">
      <class name="com.rachid.testcases.PracticePageTest">
        <test-method status="PASS" signature="setUp()[pri:0, instance:com.rachid.testcases.PracticePageTest@63a12c68]" name="setUp" is-config="true" duration-ms="23570" started-at="2019-09-07T21:24:33Z" finished-at="2019-09-07T21:24:57Z">
          <reporter-output>
          </reporter-output>
        </test-method> <!-- setUp -->
        <test-method status="PASS" signature="checkboxTest()[pri:0, instance:com.rachid.testcases.PracticePageTest@63a12c68]" name="checkboxTest" duration-ms="10614" started-at="2019-09-07T21:24:58Z" finished-at="2019-09-07T21:25:08Z">
          <reporter-output>
          </reporter-output>
        </test-method> <!-- checkboxTest -->
        <test-method status="PASS" signature="dropDownTest()[pri:0, instance:com.rachid.testcases.PracticePageTest@63a12c68]" name="dropDownTest" duration-ms="3162" started-at="2019-09-07T21:25:08Z" finished-at="2019-09-07T21:25:12Z">
          <reporter-output>
          </reporter-output>
        </test-method> <!-- dropDownTest -->
        <test-method status="FAIL" signature="radioButnTest()[pri:0, instance:com.rachid.testcases.PracticePageTest@63a12c68]" name="radioButnTest" duration-ms="907" started-at="2019-09-07T21:25:12Z" finished-at="2019-09-07T21:25:13Z">
          <exception class="java.lang.AssertionError">
            <message>
              <![CDATA[expected [true] but found [false]]]>
            </message>
            <full-stacktrace>
              <![CDATA[java.lang.AssertionError: expected [true] but found [false]
	at org.testng.Assert.fail(Assert.java:93)
	at org.testng.Assert.failNotEquals(Assert.java:512)
	at org.testng.Assert.assertTrue(Assert.java:41)
	at org.testng.Assert.assertTrue(Assert.java:51)
	at com.rachid.testcases.PracticePageTest.radioButnTest(PracticePageTest.java:49)
	at sun.reflect.NativeMethodAccessorImpl.invoke0(Native Method)
	at sun.reflect.NativeMethodAccessorImpl.invoke(NativeMethodAccessorImpl.java:62)
	at sun.reflect.DelegatingMethodAccessorImpl.invoke(DelegatingMethodAccessorImpl.java:43)
	at java.lang.reflect.Method.invoke(Method.java:498)
	at org.testng.internal.MethodInvocationHelper.invokeMethod(MethodInvocationHelper.java:108)
	at org.testng.internal.Invoker.invokeMethod(Invoker.java:661)
	at org.testng.internal.Invoker.invokeTestMethod(Invoker.java:869)
	at org.testng.internal.Invoker.invokeTestMethods(Invoker.java:1193)
	at org.testng.internal.TestMethodWorker.invokeTestMethods(TestMethodWorker.java:126)
	at org.testng.internal.TestMethodWorker.run(TestMethodWorker.java:109)
	at org.testng.TestRunner.privateRun(TestRunner.java:744)
	at org.testng.TestRunner.run(TestRunner.java:602)
	at org.testng.SuiteRunner.runTest(SuiteRunner.java:380)
	at org.testng.SuiteRunner.runSequentially(SuiteRunner.java:375)
	at org.testng.SuiteRunner.privateRun(SuiteRunner.java:340)
	at org.testng.SuiteRunner.run(SuiteRunner.java:289)
	at org.testng.SuiteRunnerWorker.runSuite(SuiteRunnerWorker.java:52)
	at org.testng.SuiteRunnerWorker.run(SuiteRunnerWorker.java:86)
	at org.testng.TestNG.runSuitesSequentially(TestNG.java:1301)
	at org.testng.TestNG.runSuitesLocally(TestNG.java:1226)
	at org.testng.TestNG.runSuites(TestNG.java:1144)
	at org.testng.TestNG.run(TestNG.java:1115)
	at org.apache.maven.surefire.testng.TestNGExecutor.run(TestNGExecutor.java:295)
	at org.apache.maven.surefire.testng.TestNGXmlTestSuite.execute(TestNGXmlTestSuite.java:84)
	at org.apache.maven.surefire.testng.TestNGProvider.invoke(TestNGProvider.java:90)
	at org.apache.maven.surefire.booter.ForkedBooter.invokeProviderInSameClassLoader(ForkedBooter.java:203)
	at org.apache.maven.surefire.booter.ForkedBooter.runSuitesInProcess(ForkedBooter.java:155)
	at org.apache.maven.surefire.booter.ForkedBooter.main(ForkedBooter.java:103)
]]>
            </full-stacktrace>
          </exception> <!-- java.lang.AssertionError -->
          <reporter-output>
            <line>
              <![CDATA[<a target="blank" href=Sat_Sep_07_21_25_13_EDT_2019>Screenshot</a>]]>
            </line>
            <line>
              <![CDATA[<br>]]>
            </line>
            <line>
              <![CDATA[<br>]]>
            </line>
            <line>
              <![CDATA[<a target="_blank" href=Sat_Sep_07_21_25_13_EDT_2019><img src=Sat_Sep_07_21_25_13_EDT_2019 height=200 width=200></img></a>]]>
            </line>
          </reporter-output>
        </test-method> <!-- radioButnTest -->
        <test-method status="PASS" signature="tearDown()[pri:0, instance:com.rachid.testcases.PracticePageTest@63a12c68]" name="tearDown" is-config="true" duration-ms="3340" started-at="2019-09-07T21:25:13Z" finished-at="2019-09-07T21:25:17Z">
          <reporter-output>
          </reporter-output>
        </test-method> <!-- tearDown -->
      </class> <!-- com.rachid.testcases.PracticePageTest -->
    </test> <!-- Practice Test -->
  </suite> <!-- Suite -->
</testng-results>
